Start testing: Jul 10 16:05 CST
----------------------------------------------------------
1/6 Testing: test_parser
1/6 Test: test_parser
Command: "/home/pa/db/db2023-runtimeterror/build/bin/test_parser"
Directory: /home/pa/db/db2023-runtimeterror/build/bin
"test_parser" start time: Jul 10 16:05 CST
Output:
----------------------------------------------------------
show tables;
SHOW_TABLES

desc tb;
DESC_TABLE
  tb

create table tb (a int, b float, c char(4));
CREATE_TABLE
  tb
  LIST
    COL_DEF
      a
      TYPE_LEN
        INT
        4
    COL_DEF
      b
      TYPE_LEN
        FLOAT
        4
    COL_DEF
      c
      TYPE_LEN
        STRING
        4

drop table tb;
DROP_TABLE
  tb

create index tb(a);
CREATE_INDEX
  tb
  a

create index tb(a, b, c);
CREATE_INDEX
  tb
  a
  b
  c

drop index tb(a, b, c);
DROP_INDEX
  tb
  a
  b
  c

drop index tb(b);
DROP_INDEX
  tb
  b

insert into tb values (1, 3.14, 'pi');
INSERT
  tb
  LIST
    INT_LIT
      1
    FLOAT_LIT
      3.14
    STRING_LIT
      pi

delete from tb where a = 1;
DELETE
  tb
  LIST
    BINARY_EXPR
      COL
        
        a
      ==
      INT_LIT
        1

update tb set a = 1, b = 2.2, c = 'xyz' where x = 2 and y < 1.1 and z > 'abc';
UPDATE
  tb
  LIST
    SET_CLAUSE
      a
      INT_LIT
        1
    SET_CLAUSE
      b
      FLOAT_LIT
        2.2
    SET_CLAUSE
      c
      STRING_LIT
        xyz
  LIST
    BINARY_EXPR
      COL
        
        x
      ==
      INT_LIT
        2
    BINARY_EXPR
      COL
        
        y
      <
      FLOAT_LIT
        1.1
    BINARY_EXPR
      COL
        
        z
      >
      STRING_LIT
        abc

select * from tb;
SELECT
  LIST
  LIST
    tb
  LIST

select * from tb where x <> 2 and y >= 3. and z <= '123' and b < tb.a;
SELECT
  LIST
  LIST
    tb
  LIST
    BINARY_EXPR
      COL
        
        x
      !=
      INT_LIT
        2
    BINARY_EXPR
      COL
        
        y
      >=
      FLOAT_LIT
        3
    BINARY_EXPR
      COL
        
        z
      <=
      STRING_LIT
        123
    BINARY_EXPR
      COL
        
        b
      <
      COL
        tb
        a

select x.a, y.b from x, y where x.a = y.b and c = d;
SELECT
  LIST
    COL
      x
      a
    COL
      y
      b
  LIST
    x
    y
  LIST
    BINARY_EXPR
      COL
        x
        a
      ==
      COL
        y
        b
    BINARY_EXPR
      COL
        
        c
      ==
      COL
        
        d

select x.a, y.b from x join y where x.a = y.b and c = d;
SELECT
  LIST
    COL
      x
      a
    COL
      y
      b
  LIST
    x
    y
  LIST
    BINARY_EXPR
      COL
        x
        a
      ==
      COL
        y
        b
    BINARY_EXPR
      COL
        
        c
      ==
      COL
        
        d

exit;
exit/EOF
help;
HELP


exit/EOF
<end of output>
Test time =   0.00 sec
----------------------------------------------------------
Test Passed.
"test_parser" end time: Jul 10 16:05 CST
"test_parser" time elapsed: 00:00:00
----------------------------------------------------------

2/6 Testing: test_buffer_pool_manager
2/6 Test: test_buffer_pool_manager
Command: "/home/pa/db/db2023-runtimeterror/build/bin/test_buffer_pool_manager"
Directory: /home/pa/db/db2023-runtimeterror/build/src/test/problem1
"test_buffer_pool_manager" start time: Jul 10 16:05 CST
Output:
----------------------------------------------------------
Running main() from /home/pa/db/db2023-runtimeterror/deps/googletest/googletest/src/gtest_main.cc
[==========] Running 1 test from 1 test suite.
[----------] Global test environment set-up.
[----------] 1 test from BufferPoolManagerTest
[ RUN      ] BufferPoolManagerTest.SampleTest
Entering ::testing::Test::Setup()
Leaving ::testing::Test::Setup()
Entering TEST_F(BufferPoolManagerTest, SampleTest)
Created BufferPoolManager instance
Created new page
Checked page is not null
Checked page number
Wrote data to page
Read data from page
BufferPoolManager.page_table_:
{fd: 4 page_no: 0}	0	1	0
Created page 1
Created page 2
Created page 3
Created page 4
Created page 5
Created page 6
Created page 7
Created page 8
Created page 9
BufferPoolManager.page_table_:
{fd: 4 page_no: 9}	9	1	0
{fd: 4 page_no: 8}	8	1	0
{fd: 4 page_no: 7}	7	1	0
{fd: 4 page_no: 6}	6	1	0
{fd: 4 page_no: 5}	5	1	0
{fd: 4 page_no: 4}	4	1	0
{fd: 4 page_no: 3}	3	1	0
{fd: 4 page_no: 2}	2	1	0
{fd: 4 page_no: 1}	1	1	0
{fd: 4 page_no: 0}	0	1	0
Checked buffer pool is full at 10
Checked buffer pool is full at 11
Checked buffer pool is full at 12
Checked buffer pool is full at 13
Checked buffer pool is full at 14
Checked buffer pool is full at 15
Checked buffer pool is full at 16
Checked buffer pool is full at 17
Checked buffer pool is full at 18
Checked buffer pool is full at 19
Unpinned page 0
Unpinned page 1
Unpinned page 2
Unpinned page 3
Unpinned page 4
BufferPoolManager.page_table_:
{fd: 4 page_no: 9}	9	1	0
{fd: 4 page_no: 8}	8	1	0
{fd: 4 page_no: 7}	7	1	0
{fd: 4 page_no: 6}	6	1	0
{fd: 4 page_no: 5}	5	1	0
{fd: 4 page_no: 4}	4	0	1
{fd: 4 page_no: 3}	3	0	1
{fd: 4 page_no: 2}	2	0	1
{fd: 4 page_no: 1}	1	0	1
{fd: 4 page_no: 0}	0	0	1
Created new page after unpinning0
Created new page after unpinning1
Created new page after unpinning2
Created new page after unpinning3
BufferPoolManager.page_table_:
{fd: 4 page_no: 13}	3	1	0
{fd: 4 page_no: 12}	2	1	0
{fd: 4 page_no: 11}	1	1	0
{fd: 4 page_no: 10}	0	1	0
{fd: 4 page_no: 9}	9	1	0
{fd: 4 page_no: 8}	8	1	0
{fd: 4 page_no: 7}	7	1	0
{fd: 4 page_no: 6}	6	1	0
{fd: 4 page_no: 5}	5	1	0
{fd: 4 page_no: 4}	4	0	1
Fetched data from page 0
BufferPoolManager.page_table_:
{fd: 4 page_no: 0}	4	1	0
{fd: 4 page_no: 13}	3	1	0
{fd: 4 page_no: 12}	2	1	0
{fd: 4 page_no: 11}	1	1	0
{fd: 4 page_no: 10}	0	1	0
{fd: 4 page_no: 9}	9	1	0
{fd: 4 page_no: 8}	8	1	0
{fd: 4 page_no: 7}	7	1	0
{fd: 4 page_no: 6}	6	1	0
{fd: 4 page_no: 5}	5	1	0
Hello	Hello
Checked data on fetched page
Unpinned page 0 after fetch
Created new page after unpinning all
Checked page 0 is not fetchable
Flushed all pages
[       OK ] BufferPoolManagerTest.SampleTest (2 ms)
[----------] 1 test from BufferPoolManagerTest (2 ms total)

[----------] Global test environment tear-down
[==========] 1 test from 1 test suite ran. (2 ms total)
[  PASSED  ] 1 test.
<end of output>
Test time =   0.00 sec
----------------------------------------------------------
Test Passed.
"test_buffer_pool_manager" end time: Jul 10 16:05 CST
"test_buffer_pool_manager" time elapsed: 00:00:00
----------------------------------------------------------

3/6 Testing: test_lru_replacer
3/6 Test: test_lru_replacer
Command: "/home/pa/db/db2023-runtimeterror/build/bin/test_lru_replacer"
Directory: /home/pa/db/db2023-runtimeterror/build/src/test/problem1
"test_lru_replacer" start time: Jul 10 16:05 CST
Output:
----------------------------------------------------------
Running main() from /home/pa/db/db2023-runtimeterror/deps/googletest/googletest/src/gtest_main.cc
[==========] Running 1 test from 1 test suite.
[----------] Global test environment set-up.
[----------] 1 test from LRUReplacerTest
[ RUN      ] LRUReplacerTest.SampleTest
[       OK ] LRUReplacerTest.SampleTest (0 ms)
[----------] 1 test from LRUReplacerTest (0 ms total)

[----------] Global test environment tear-down
[==========] 1 test from 1 test suite ran. (0 ms total)
[  PASSED  ] 1 test.
<end of output>
Test time =   0.00 sec
----------------------------------------------------------
Test Passed.
"test_lru_replacer" end time: Jul 10 16:05 CST
"test_lru_replacer" time elapsed: 00:00:00
----------------------------------------------------------

4/6 Testing: test_buffer_pool_manager_concurrency
4/6 Test: test_buffer_pool_manager_concurrency
Command: "/home/pa/db/db2023-runtimeterror/build/bin/test_buffer_pool_manager_concurrency"
Directory: /home/pa/db/db2023-runtimeterror/build/src/test/problem1
"test_buffer_pool_manager_concurrency" start time: Jul 10 16:05 CST
Output:
----------------------------------------------------------
Running main() from /home/pa/db/db2023-runtimeterror/deps/googletest/googletest/src/gtest_main.cc
[==========] Running 1 test from 1 test suite.
[----------] Global test environment set-up.
[----------] 1 test from BufferPoolManagerConcurrencyTest
[ RUN      ] BufferPoolManagerConcurrencyTest.ConcurrencyTest
[       OK ] BufferPoolManagerConcurrencyTest.ConcurrencyTest (90 ms)
[----------] 1 test from BufferPoolManagerConcurrencyTest (90 ms total)

[----------] Global test environment tear-down
[==========] 1 test from 1 test suite ran. (90 ms total)
[  PASSED  ] 1 test.
<end of output>
Test time =   0.09 sec
----------------------------------------------------------
Test Passed.
"test_buffer_pool_manager_concurrency" end time: Jul 10 16:05 CST
"test_buffer_pool_manager_concurrency" time elapsed: 00:00:00
----------------------------------------------------------

5/6 Testing: test_storage
5/6 Test: test_storage
Command: "/home/pa/db/db2023-runtimeterror/build/bin/test_storage"
Directory: /home/pa/db/db2023-runtimeterror/build/src/test/problem1
"test_storage" start time: Jul 10 16:05 CST
Output:
----------------------------------------------------------
Running main() from /home/pa/db/db2023-runtimeterror/deps/googletest/googletest/src/gtest_main.cc
[==========] Running 1 test from 1 test suite.
[----------] Global test environment set-up.
[----------] 1 test from StorageTest
[ RUN      ] StorageTest.SimpleTest
Passed disk_manager test
Passed buffer_pool_manager test
Passed flush_all_pages test
Passed all random tests
Passed flush all pages
Passed file closing and destroying test
[       OK ] StorageTest.SimpleTest (1037 ms)
[----------] 1 test from StorageTest (1037 ms total)

[----------] Global test environment tear-down
[==========] 1 test from 1 test suite ran. (1037 ms total)
[  PASSED  ] 1 test.
<end of output>
Test time =   1.05 sec
----------------------------------------------------------
Test Passed.
"test_storage" end time: Jul 10 16:05 CST
"test_storage" time elapsed: 00:00:01
----------------------------------------------------------

6/6 Testing: test_record_manager
6/6 Test: test_record_manager
Command: "/home/pa/db/db2023-runtimeterror/build/bin/test_record_manager"
Directory: /home/pa/db/db2023-runtimeterror/build/src/test/problem1
"test_record_manager" start time: Jul 10 16:05 CST
Output:
----------------------------------------------------------
Running main() from /home/pa/db/db2023-runtimeterror/deps/googletest/googletest/src/gtest_main.cc
[==========] Running 1 test from 1 test suite.
[----------] Global test environment set-up.
[----------] 1 test from RecordManagerTest
[ RUN      ] RecordManagerTest.SimpleTest
Starting SimpleTest...
Testing file operations...
Testing pages operations...
File created with filename: abc.txt
Inserting record round: 0
Randomly reopening file at round: 0
Inserting record round: 1
Inserting record round: 2
Inserting record round: 3
Inserting record round: 4
Inserting record round: 5
Inserting record round: 6
Inserting record round: 7
Inserting record round: 8
Inserting record round: 9
Inserting record round: 10
Inserting record round: 11
Inserting record round: 12
Inserting record round: 13
Inserting record round: 14
Inserting record round: 15
Inserting record round: 16
Updating or erasing record round: 17
Inserting record round: 18
Inserting record round: 19
Inserting record round: 20
Inserting record round: 21
Inserting record round: 22
Inserting record round: 23
Inserting record round: 24
Inserting record round: 25
Inserting record round: 26
Inserting record round: 27
Inserting record round: 28
Inserting record round: 29
Inserting record round: 30
Inserting record round: 31
Inserting record round: 32
Inserting record round: 33
Inserting record round: 34
Inserting record round: 35
Inserting record round: 36
Inserting record round: 37
Inserting record round: 38
Inserting record round: 39
Inserting record round: 40
Inserting record round: 41
Inserting record round: 42
Inserting record round: 43
Inserting record round: 44
Inserting record round: 45
Inserting record round: 46
Inserting record round: 47
Inserting record round: 48
Updating or erasing record round: 49
Inserting record round: 50
Randomly reopening file at round: 50
Inserting record round: 51
Updating or erasing record round: 52
Inserting record round: 53
Inserting record round: 54
Inserting record round: 55
Updating or erasing record round: 56
Inserting record round: 57
Updating or erasing record round: 58
Inserting record round: 59
Inserting record round: 60
Inserting record round: 61
Inserting record round: 62
Inserting record round: 63
Inserting record round: 64
Inserting record round: 65
Inserting record round: 66
Inserting record round: 67
Inserting record round: 68
Inserting record round: 69
Inserting record round: 70
Updating or erasing record round: 71
Inserting record round: 72
Updating or erasing record round: 73
Inserting record round: 74
Inserting record round: 75
Inserting record round: 76
Inserting record round: 77
Updating or erasing record round: 78
Updating or erasing record round: 79
Inserting record round: 80
Inserting record round: 81
Inserting record round: 82
Updating or erasing record round: 83
Updating or erasing record round: 84
Inserting record round: 85
Inserting record round: 86
Inserting record round: 87
Inserting record round: 88
Updating or erasing record round: 89
Inserting record round: 90
Updating or erasing record round: 91
Updating or erasing record round: 92
Inserting record round: 93
Inserting record round: 94
Updating or erasing record round: 95
Inserting record round: 96
Updating or erasing record round: 97
Inserting record round: 98
Updating or erasing record round: 99
Updating or erasing record round: 100
Randomly reopening file at round: 100
Inserting record round: 101
Updating or erasing record round: 102
Inserting record round: 103
Inserting record round: 104
Updating or erasing record round: 105
Inserting record round: 106
Updating or erasing record round: 107
Inserting record round: 108
Inserting record round: 109
Inserting record round: 110
Inserting record round: 111
Inserting record round: 112
Updating or erasing record round: 113
Updating or erasing record round: 114
Inserting record round: 115
Inserting record round: 116
Updating or erasing record round: 117
Inserting record round: 118
Inserting record round: 119
Inserting record round: 120
Inserting record round: 121
Inserting record round: 122
Inserting record round: 123
Updating or erasing record round: 124
Inserting record round: 125
Inserting record round: 126
Inserting record round: 127
Inserting record round: 128
Inserting record round: 129
Inserting record round: 130
Inserting record round: 131
Inserting record round: 132
Inserting record round: 133
Inserting record round: 134
Inserting record round: 135
Inserting record round: 136
Inserting record round: 137
Updating or erasing record round: 138
Updating or erasing record round: 139
Inserting record round: 140
Updating or erasing record round: 141
Updating or erasing record round: 142
Updating or erasing record round: 143
Inserting record round: 144
Updating or erasing record round: 145
Inserting record round: 146
Inserting record round: 147
Updating or erasing record round: 148
Updating or erasing record round: 149
Inserting record round: 150
Randomly reopening file at round: 150
Inserting record round: 151
Updating or erasing record round: 152
Inserting record round: 153
Updating or erasing record round: 154
Inserting record round: 155
Updating or erasing record round: 156
Inserting record round: 157
Inserting record round: 158
Inserting record round: 159
Inserting record round: 160
Updating or erasing record round: 161
Inserting record round: 162
Updating or erasing record round: 163
Inserting record round: 164
Updating or erasing record round: 165
Inserting record round: 166
Inserting record round: 167
Updating or erasing record round: 168
Updating or erasing record round: 169
Inserting record round: 170
Inserting record round: 171
Inserting record round: 172
Updating or erasing record round: 173
Updating or erasing record round: 174
Inserting record round: 175
Inserting record round: 176
Updating or erasing record round: 177
Inserting record round: 178
Inserting record round: 179
Inserting record round: 180
Inserting record round: 181
Inserting record round: 182
Updating or erasing record round: 183
Updating or erasing record round: 184
Updating or erasing record round: 185
Inserting record round: 186
Inserting record round: 187
Updating or erasing record round: 188
Updating or erasing record round: 189
Inserting record round: 190
Inserting record round: 191
Inserting record round: 192
Updating or erasing record round: 193
Inserting record round: 194
Updating or erasing record round: 195
Updating or erasing record round: 196
Inserting record round: 197
Updating or erasing record round: 198
Updating or erasing record round: 199
Updating or erasing record round: 200
Randomly reopening file at round: 200
Inserting record round: 201
Inserting record round: 202
Inserting record round: 203
Inserting record round: 204
Inserting record round: 205
Updating or erasing record round: 206
Updating or erasing record round: 207
Inserting record round: 208
Updating or erasing record round: 209
Inserting record round: 210
Inserting record round: 211
Inserting record round: 212
Inserting record round: 213
Updating or erasing record round: 214
Updating or erasing record round: 215
Updating or erasing record round: 216
Inserting record round: 217
Updating or erasing record round: 218
Updating or erasing record round: 219
Inserting record round: 220
Updating or erasing record round: 221
Inserting record round: 222
Updating or erasing record round: 223
Inserting record round: 224
Updating or erasing record round: 225
Inserting record round: 226
Inserting record round: 227
Updating or erasing record round: 228
Inserting record round: 229
Inserting record round: 230
Updating or erasing record round: 231
Updating or erasing record round: 232
Inserting record round: 233
Inserting record round: 234
Updating or erasing record round: 235
Updating or erasing record round: 236
Inserting record round: 237
Inserting record round: 238
Inserting record round: 239
Updating or erasing record round: 240
Updating or erasing record round: 241
Inserting record round: 242
Updating or erasing record round: 243
Updating or erasing record round: 244
Updating or erasing record round: 245
Updating or erasing record round: 246
Updating or erasing record round: 247
Inserting record round: 248
Inserting record round: 249
Updating or erasing record round: 250
Randomly reopening file at round: 250
Updating or erasing record round: 251
Inserting record round: 252
Updating or erasing record round: 253
Updating or erasing record round: 254
Inserting record round: 255
Updating or erasing record round: 256
Updating or erasing record round: 257
Inserting record round: 258
Inserting record round: 259
Inserting record round: 260
Inserting record round: 261
Inserting record round: 262
Updating or erasing record round: 263
Inserting record round: 264
Inserting record round: 265
Inserting record round: 266
Inserting record round: 267
Updating or erasing record round: 268
Updating or erasing record round: 269
Updating or erasing record round: 270
Updating or erasing record round: 271
Inserting record round: 272
Updating or erasing record round: 273
Updating or erasing record round: 274
Updating or erasing record round: 275
Updating or erasing record round: 276
Updating or erasing record round: 277
Inserting record round: 278
Updating or erasing record round: 279
Updating or erasing record round: 280
Updating or erasing record round: 281
Inserting record round: 282
Inserting record round: 283
Inserting record round: 284
Updating or erasing record round: 285
Inserting record round: 286
Updating or erasing record round: 287
Updating or erasing record round: 288
Inserting record round: 289
Updating or erasing record round: 290
Inserting record round: 291
Updating or erasing record round: 292
Updating or erasing record round: 293
Inserting record round: 294
Inserting record round: 295
Updating or erasing record round: 296
Updating or erasing record round: 297
Updating or erasing record round: 298
Updating or erasing record round: 299
Inserting record round: 300
Randomly reopening file at round: 300
Inserting record round: 301
Updating or erasing record round: 302
Updating or erasing record round: 303
Updating or erasing record round: 304
Inserting record round: 305
Inserting record round: 306
Inserting record round: 307
Updating or erasing record round: 308
Inserting record round: 309
Inserting record round: 310
Inserting record round: 311
Updating or erasing record round: 312
Inserting record round: 313
Updating or erasing record round: 314
Inserting record round: 315
Updating or erasing record round: 316
Updating or erasing record round: 317
Updating or erasing record round: 318
Updating or erasing record round: 319
Updating or erasing record round: 320
Inserting record round: 321
Inserting record round: 322
Inserting record round: 323
Updating or erasing record round: 324
Updating or erasing record round: 325
Updating or erasing record round: 326
Updating or erasing record round: 327
Updating or erasing record round: 328
Inserting record round: 329
Updating or erasing record round: 330
Inserting record round: 331
Updating or erasing record round: 332
Updating or erasing record round: 333
Updating or erasing record round: 334
Inserting record round: 335
Updating or erasing record round: 336
Updating or erasing record round: 337
Inserting record round: 338
Updating or erasing record round: 339
Inserting record round: 340
Updating or erasing record round: 341
Updating or erasing record round: 342
Updating or erasing record round: 343
Inserting record round: 344
Inserting record round: 345
Updating or erasing record round: 346
Updating or erasing record round: 347
Updating or erasing record round: 348
Inserting record round: 349
Updating or erasing record round: 350
Randomly reopening file at round: 350
Inserting record round: 351
Updating or erasing record round: 352
Updating or erasing record round: 353
Updating or erasing record round: 354
Inserting record round: 355
Updating or erasing record round: 356
Updating or erasing record round: 357
Updating or erasing record round: 358
Inserting record round: 359
Updating or erasing record round: 360
Inserting record round: 361
Updating or erasing record round: 362
Updating or erasing record round: 363
Updating or erasing record round: 364
Updating or erasing record round: 365
Inserting record round: 366
Updating or erasing record round: 367
Updating or erasing record round: 368
Inserting record round: 369
Updating or erasing record round: 370
Updating or erasing record round: 371
Updating or erasing record round: 372
Updating or erasing record round: 373
Inserting record round: 374
Inserting record round: 375
Inserting record round: 376
Updating or erasing record round: 377
Inserting record round: 378
Inserting record round: 379
Updating or erasing record round: 380
Updating or erasing record round: 381
Inserting record round: 382
Updating or erasing record round: 383
Inserting record round: 384
Updating or erasing record round: 385
Inserting record round: 386
Updating or erasing record round: 387
Inserting record round: 388
Inserting record round: 389
Updating or erasing record round: 390
Inserting record round: 391
Updating or erasing record round: 392
Updating or erasing record round: 393
Updating or erasing record round: 394
Updating or erasing record round: 395
Updating or erasing record round: 396
Updating or erasing record round: 397
Inserting record round: 398
Updating or erasing record round: 399
Updating or erasing record round: 400
Randomly reopening file at round: 400
Inserting record round: 401
Inserting record round: 402
Updating or erasing record round: 403
Inserting record round: 404
Updating or erasing record round: 405
Inserting record round: 406
Updating or erasing record round: 407
Inserting record round: 408
Inserting record round: 409
Updating or erasing record round: 410
Updating or erasing record round: 411
Updating or erasing record round: 412
Inserting record round: 413
Updating or erasing record round: 414
Updating or erasing record round: 415
Updating or erasing record round: 416
Updating or erasing record round: 417
Updating or erasing record round: 418
Updating or erasing record round: 419
Inserting record round: 420
Updating or erasing record round: 421
Updating or erasing record round: 422
Inserting record round: 423
Updating or erasing record round: 424
Updating or erasing record round: 425
Inserting record round: 426
Updating or erasing record round: 427
Inserting record round: 428
Updating or erasing record round: 429
Updating or erasing record round: 430
Updating or erasing record round: 431
Inserting record round: 432
Updating or erasing record round: 433
Updating or erasing record round: 434
Inserting record round: 435
Inserting record round: 436
Inserting record round: 437
Updating or erasing record round: 438
Inserting record round: 439
Updating or erasing record round: 440
Inserting record round: 441
Inserting record round: 442
Updating or erasing record round: 443
Updating or erasing record round: 444
Inserting record round: 445
Updating or erasing record round: 446
Updating or erasing record round: 447
Updating or erasing record round: 448
Inserting record round: 449
Updating or erasing record round: 450
Randomly reopening file at round: 450
Inserting record round: 451
Updating or erasing record round: 452
Inserting record round: 453
Inserting record round: 454
Updating or erasing record round: 455
Updating or erasing record round: 456
Inserting record round: 457
Inserting record round: 458
Inserting record round: 459
Inserting record round: 460
Updating or erasing record round: 461
Updating or erasing record round: 462
Updating or erasing record round: 463
Updating or erasing record round: 464
Updating or erasing record round: 465
Updating or erasing record round: 466
Inserting record round: 467
Updating or erasing record round: 468
Updating or erasing record round: 469
Inserting record round: 470
Updating or erasing record round: 471
Updating or erasing record round: 472
Inserting record round: 473
Updating or erasing record round: 474
Updating or erasing record round: 475
Inserting record round: 476
Updating or erasing record round: 477
Updating or erasing record round: 478
Inserting record round: 479
Inserting record round: 480
Inserting record round: 481
Updating or erasing record round: 482
Updating or erasing record round: 483
Updating or erasing record round: 484
Inserting record round: 485
Updating or erasing record round: 486
Inserting record round: 487
Updating or erasing record round: 488
Inserting record round: 489
Updating or erasing record round: 490
Updating or erasing record round: 491
Updating or erasing record round: 492
Inserting record round: 493
Updating or erasing record round: 494
Updating or erasing record round: 495
Updating or erasing record round: 496
Updating or erasing record round: 497
Inserting record round: 498
Updating or erasing record round: 499
Inserting record round: 500
Randomly reopening file at round: 500
Updating or erasing record round: 501
Updating or erasing record round: 502
Inserting record round: 503
Inserting record round: 504
Updating or erasing record round: 505
Inserting record round: 506
Inserting record round: 507
Updating or erasing record round: 508
Updating or erasing record round: 509
Updating or erasing record round: 510
Updating or erasing record round: 511
Updating or erasing record round: 512
Updating or erasing record round: 513
Updating or erasing record round: 514
Inserting record round: 515
Inserting record round: 516
Inserting record round: 517
Updating or erasing record round: 518
Inserting record round: 519
Updating or erasing record round: 520
Updating or erasing record round: 521
Updating or erasing record round: 522
Updating or erasing record round: 523
Updating or erasing record round: 524
Updating or erasing record round: 525
Updating or erasing record round: 526
Updating or erasing record round: 527
Updating or erasing record round: 528
Updating or erasing record round: 529
Inserting record round: 530
Updating or erasing record round: 531
Updating or erasing record round: 532
Inserting record round: 533
Updating or erasing record round: 534
Inserting record round: 535
Inserting record round: 536
Updating or erasing record round: 537
Updating or erasing record round: 538
Updating or erasing record round: 539
Updating or erasing record round: 540
Updating or erasing record round: 541
Updating or erasing record round: 542
Updating or erasing record round: 543
Updating or erasing record round: 544
Updating or erasing record round: 545
Updating or erasing record round: 546
Updating or erasing record round: 547
Updating or erasing record round: 548
Updating or erasing record round: 549
Updating or erasing record round: 550
Randomly reopening file at round: 550
Updating or erasing record round: 551
Updating or erasing record round: 552
Updating or erasing record round: 553
Updating or erasing record round: 554
Inserting record round: 555
Inserting record round: 556
Inserting record round: 557
Updating or erasing record round: 558
Updating or erasing record round: 559
Inserting record round: 560
Inserting record round: 561
Updating or erasing record round: 562
Inserting record round: 563
Updating or erasing record round: 564
Updating or erasing record round: 565
Updating or erasing record round: 566
Inserting record round: 567
Updating or erasing record round: 568
Inserting record round: 569
Updating or erasing record round: 570
Inserting record round: 571
Updating or erasing record round: 572
Inserting record round: 573
Updating or erasing record round: 574
Inserting record round: 575
Updating or erasing record round: 576
Updating or erasing record round: 577
Updating or erasing record round: 578
Inserting record round: 579
Updating or erasing record round: 580
Updating or erasing record round: 581
Inserting record round: 582
Updating or erasing record round: 583
Updating or erasing record round: 584
Updating or erasing record round: 585
Inserting record round: 586
Updating or erasing record round: 587
Updating or erasing record round: 588
Inserting record round: 589
Inserting record round: 590
Updating or erasing record round: 591
Inserting record round: 592
Updating or erasing record round: 593
Updating or erasing record round: 594
Updating or erasing record round: 595
Inserting record round: 596
Updating or erasing record round: 597
Inserting record round: 598
Inserting record round: 599
Updating or erasing record round: 600
Randomly reopening file at round: 600
Updating or erasing record round: 601
Updating or erasing record round: 602
Inserting record round: 603
Inserting record round: 604
Updating or erasing record round: 605
Inserting record round: 606
Updating or erasing record round: 607
Updating or erasing record round: 608
Updating or erasing record round: 609
Updating or erasing record round: 610
Inserting record round: 611
Inserting record round: 612
Inserting record round: 613
Updating or erasing record round: 614
Updating or erasing record round: 615
Updating or erasing record round: 616
Inserting record round: 617
Inserting record round: 618
Updating or erasing record round: 619
Inserting record round: 620
Updating or erasing record round: 621
Updating or erasing record round: 622
Updating or erasing record round: 623
Updating or erasing record round: 624
Updating or erasing record round: 625
Inserting record round: 626
Inserting record round: 627
Updating or erasing record round: 628
Updating or erasing record round: 629
Updating or erasing record round: 630
Updating or erasing record round: 631
Updating or erasing record round: 632
Updating or erasing record round: 633
Updating or erasing record round: 634
Inserting record round: 635
Updating or erasing record round: 636
Inserting record round: 637
Inserting record round: 638
Inserting record round: 639
Updating or erasing record round: 640
Updating or erasing record round: 641
Inserting record round: 642
Inserting record round: 643
Updating or erasing record round: 644
Updating or erasing record round: 645
Updating or erasing record round: 646
Inserting record round: 647
Updating or erasing record round: 648
Updating or erasing record round: 649
Updating or erasing record round: 650
Randomly reopening file at round: 650
Updating or erasing record round: 651
Updating or erasing record round: 652
Inserting record round: 653
Updating or erasing record round: 654
Updating or erasing record round: 655
Inserting record round: 656
Updating or erasing record round: 657
Inserting record round: 658
Inserting record round: 659
Updating or erasing record round: 660
Updating or erasing record round: 661
Updating or erasing record round: 662
Updating or erasing record round: 663
Inserting record round: 664
Updating or erasing record round: 665
Updating or erasing record round: 666
Updating or erasing record round: 667
Updating or erasing record round: 668
Inserting record round: 669
Updating or erasing record round: 670
Updating or erasing record round: 671
Updating or erasing record round: 672
Inserting record round: 673
Updating or erasing record round: 674
Inserting record round: 675
Updating or erasing record round: 676
Updating or erasing record round: 677
Updating or erasing record round: 678
Updating or erasing record round: 679
Updating or erasing record round: 680
Updating or erasing record round: 681
Updating or erasing record round: 682
Inserting record round: 683
Updating or erasing record round: 684
Updating or erasing record round: 685
Updating or erasing record round: 686
Updating or erasing record round: 687
Updating or erasing record round: 688
Inserting record round: 689
Inserting record round: 690
Updating or erasing record round: 691
Inserting record round: 692
Updating or erasing record round: 693
Inserting record round: 694
Updating or erasing record round: 695
Inserting record round: 696
Updating or erasing record round: 697
Updating or erasing record round: 698
Updating or erasing record round: 699
Inserting record round: 700
Randomly reopening file at round: 700
Inserting record round: 701
Updating or erasing record round: 702
Updating or erasing record round: 703
Updating or erasing record round: 704
Updating or erasing record round: 705
Updating or erasing record round: 706
Updating or erasing record round: 707
Updating or erasing record round: 708
Inserting record round: 709
Inserting record round: 710
Updating or erasing record round: 711
Inserting record round: 712
Inserting record round: 713
Updating or erasing record round: 714
Updating or erasing record round: 715
Inserting record round: 716
Inserting record round: 717
Updating or erasing record round: 718
Inserting record round: 719
Inserting record round: 720
Updating or erasing record round: 721
Inserting record round: 722
Updating or erasing record round: 723
Inserting record round: 724
Updating or erasing record round: 725
Updating or erasing record round: 726
Updating or erasing record round: 727
Updating or erasing record round: 728
Inserting record round: 729
Inserting record round: 730
Updating or erasing record round: 731
Inserting record round: 732
Updating or erasing record round: 733
Inserting record round: 734
Updating or erasing record round: 735
Updating or erasing record round: 736
Updating or erasing record round: 737
Updating or erasing record round: 738
Updating or erasing record round: 739
Updating or erasing record round: 740
Updating or erasing record round: 741
Inserting record round: 742
Updating or erasing record round: 743
Updating or erasing record round: 744
Inserting record round: 745
Inserting record round: 746
Updating or erasing record round: 747
Updating or erasing record round: 748
Updating or erasing record round: 749
Updating or erasing record round: 750
Randomly reopening file at round: 750
Updating or erasing record round: 751
Updating or erasing record round: 752
Updating or erasing record round: 753
Updating or erasing record round: 754
Updating or erasing record round: 755
Updating or erasing record round: 756
Updating or erasing record round: 757
Updating or erasing record round: 758
Updating or erasing record round: 759
Updating or erasing record round: 760
Updating or erasing record round: 761
Updating or erasing record round: 762
Inserting record round: 763
Inserting record round: 764
Updating or erasing record round: 765
Inserting record round: 766
Updating or erasing record round: 767
Inserting record round: 768
Updating or erasing record round: 769
Updating or erasing record round: 770
Updating or erasing record round: 771
Updating or erasing record round: 772
Updating or erasing record round: 773
Inserting record round: 774
Updating or erasing record round: 775
Updating or erasing record round: 776
Inserting record round: 777
Updating or erasing record round: 778
Inserting record round: 779
Updating or erasing record round: 780
Inserting record round: 781
Updating or erasing record round: 782
Inserting record round: 783
Updating or erasing record round: 784
Updating or erasing record round: 785
Inserting record round: 786
Inserting record round: 787
Updating or erasing record round: 788
Inserting record round: 789
Inserting record round: 790
Inserting record round: 791
Updating or erasing record round: 792
Inserting record round: 793
Updating or erasing record round: 794
Inserting record round: 795
Updating or erasing record round: 796
Updating or erasing record round: 797
Updating or erasing record round: 798
Updating or erasing record round: 799
Inserting record round: 800
Randomly reopening file at round: 800
Inserting record round: 801
Updating or erasing record round: 802
Updating or erasing record round: 803
Updating or erasing record round: 804
Updating or erasing record round: 805
Updating or erasing record round: 806
Updating or erasing record round: 807
Updating or erasing record round: 808
Updating or erasing record round: 809
Inserting record round: 810
Updating or erasing record round: 811
Updating or erasing record round: 812
Updating or erasing record round: 813
Inserting record round: 814
Inserting record round: 815
Updating or erasing record round: 816
Updating or erasing record round: 817
Inserting record round: 818
Inserting record round: 819
Updating or erasing record round: 820
Updating or erasing record round: 821
Updating or erasing record round: 822
Inserting record round: 823
Updating or erasing record round: 824
Inserting record round: 825
Inserting record round: 826
Inserting record round: 827
Updating or erasing record round: 828
Updating or erasing record round: 829
Updating or erasing record round: 830
Inserting record round: 831
Inserting record round: 832
Updating or erasing record round: 833
Updating or erasing record round: 834
Updating or erasing record round: 835
Updating or erasing record round: 836
Updating or erasing record round: 837
Updating or erasing record round: 838
Inserting record round: 839
Updating or erasing record round: 840
Updating or erasing record round: 841
Updating or erasing record round: 842
Updating or erasing record round: 843
Updating or erasing record round: 844
Updating or erasing record round: 845
Inserting record round: 846
Updating or erasing record round: 847
Inserting record round: 848
Updating or erasing record round: 849
Updating or erasing record round: 850
Randomly reopening file at round: 850
Updating or erasing record round: 851
Updating or erasing record round: 852
Updating or erasing record round: 853
Inserting record round: 854
Updating or erasing record round: 855
Updating or erasing record round: 856
Inserting record round: 857
Updating or erasing record round: 858
Updating or erasing record round: 859
Inserting record round: 860
Updating or erasing record round: 861
Updating or erasing record round: 862
Updating or erasing record round: 863
Updating or erasing record round: 864
Updating or erasing record round: 865
Inserting record round: 866
Inserting record round: 867
Updating or erasing record round: 868
Updating or erasing record round: 869
Updating or erasing record round: 870
Inserting record round: 871
Inserting record round: 872
Updating or erasing record round: 873
Inserting record round: 874
Inserting record round: 875
Inserting record round: 876
Inserting record round: 877
Inserting record round: 878
Inserting record round: 879
Updating or erasing record round: 880
Inserting record round: 881
Updating or erasing record round: 882
Updating or erasing record round: 883
Updating or erasing record round: 884
Inserting record round: 885
Updating or erasing record round: 886
Inserting record round: 887
Updating or erasing record round: 888
Inserting record round: 889
Updating or erasing record round: 890
Inserting record round: 891
Updating or erasing record round: 892
Inserting record round: 893
Inserting record round: 894
Inserting record round: 895
Inserting record round: 896
Updating or erasing record round: 897
Updating or erasing record round: 898
Updating or erasing record round: 899
Updating or erasing record round: 900
Randomly reopening file at round: 900
Updating or erasing record round: 901
Updating or erasing record round: 902
Inserting record round: 903
Updating or erasing record round: 904
Inserting record round: 905
Updating or erasing record round: 906
Updating or erasing record round: 907
Inserting record round: 908
Updating or erasing record round: 909
Updating or erasing record round: 910
Updating or erasing record round: 911
Updating or erasing record round: 912
Inserting record round: 913
Updating or erasing record round: 914
Inserting record round: 915
Updating or erasing record round: 916
Updating or erasing record round: 917
Updating or erasing record round: 918
Updating or erasing record round: 919
Inserting record round: 920
Updating or erasing record round: 921
Inserting record round: 922
Inserting record round: 923
Inserting record round: 924
Inserting record round: 925
Inserting record round: 926
Updating or erasing record round: 927
Updating or erasing record round: 928
Inserting record round: 929
Inserting record round: 930
Updating or erasing record round: 931
Updating or erasing record round: 932
Updating or erasing record round: 933
Updating or erasing record round: 934
Updating or erasing record round: 935
Updating or erasing record round: 936
Updating or erasing record round: 937
Updating or erasing record round: 938
Updating or erasing record round: 939
Updating or erasing record round: 940
Inserting record round: 941
Updating or erasing record round: 942
Inserting record round: 943
Inserting record round: 944
Inserting record round: 945
Inserting record round: 946
Updating or erasing record round: 947
Inserting record round: 948
Inserting record round: 949
Updating or erasing record round: 950
Randomly reopening file at round: 950
Updating or erasing record round: 951
Updating or erasing record round: 952
Updating or erasing record round: 953
Inserting record round: 954
Updating or erasing record round: 955
Inserting record round: 956
Inserting record round: 957
Inserting record round: 958
Updating or erasing record round: 959
Updating or erasing record round: 960
Inserting record round: 961
Updating or erasing record round: 962
Updating or erasing record round: 963
Updating or erasing record round: 964
Updating or erasing record round: 965
Inserting record round: 966
Inserting record round: 967
Inserting record round: 968
Updating or erasing record round: 969
Updating or erasing record round: 970
Inserting record round: 971
Updating or erasing record round: 972
Updating or erasing record round: 973
Updating or erasing record round: 974
Inserting record round: 975
Updating or erasing record round: 976
Updating or erasing record round: 977
Updating or erasing record round: 978
Updating or erasing record round: 979
Updating or erasing record round: 980
Inserting record round: 981
Inserting record round: 982
Inserting record round: 983
Updating or erasing record round: 984
Updating or erasing record round: 985
Updating or erasing record round: 986
Inserting record round: 987
Updating or erasing record round: 988
Updating or erasing record round: 989
Updating or erasing record round: 990
Updating or erasing record round: 991
Updating or erasing record round: 992
Updating or erasing record round: 993
Updating or erasing record round: 994
Inserting record round: 995
Updating or erasing record round: 996
Updating or erasing record round: 997
Updating or erasing record round: 998
Updating or erasing record round: 999
insert 444
delete 274
update 282
File closed
File destroyed
SimpleTest completed.
[       OK ] RecordManagerTest.SimpleTest (316 ms)
[----------] 1 test from RecordManagerTest (316 ms total)

[----------] Global test environment tear-down
[==========] 1 test from 1 test suite ran. (316 ms total)
[  PASSED  ] 1 test.
<end of output>
Test time =   0.32 sec
----------------------------------------------------------
Test Passed.
"test_record_manager" end time: Jul 10 16:05 CST
"test_record_manager" time elapsed: 00:00:00
----------------------------------------------------------

End testing: Jul 10 16:05 CST
